<?xml version="1.0" encoding="UTF-8"?>
<!-- Generated by org.testng.reporters.JUnitReportReporter -->
<testsuite skipped="0" hostname="WIN-Q5PJLV91P1O" name="cn.Knife.Wework.WeworkLoginTest" tests="1" failures="0" timestamp="09 五月 2020 08:13:45 GMT" time="0.002" errors="0">
  <testcase name="testGetToken" time="0.002" classname="cn.Knife.Wework.WeworkLoginTest"/>
</testsuite> <!-- cn.Knife.Wework.WeworkLoginTest -->
