<?xml version="1.0" encoding="UTF-8"?>
<!-- Generated by org.testng.reporters.JUnitReportReporter -->
<testsuite skipped="1" hostname="WIN-Q5PJLV91P1O" name="cn.Knife.Wework.VariablesTest" tests="1" failures="0" timestamp="14 五月 2020 14:54:39 GMT" time="0.000" errors="0">
  <testcase name="getMysqlVariableTest" time="0.000" classname="cn.Knife.Wework.VariablesTest">
    <skipped/>
  </testcase> <!-- getMysqlVariableTest -->
</testsuite> <!-- cn.Knife.Wework.VariablesTest -->
