<?xml version="1.0" encoding="UTF-8"?>
<!-- Generated by org.testng.reporters.JUnitReportReporter -->
<testsuite skipped="0" hostname="WIN-Q5PJLV91P1O" name="cn.Knife.Wework.DepartmentTest" tests="3" failures="0" timestamp="09 五月 2020 08:13:45 GMT" time="8.589" errors="0">
  <testcase name="testUpdate" time="2.524" classname="cn.Knife.Wework.DepartmentTest"/>
  <testcase name="testDelete" time="3.480" classname="cn.Knife.Wework.DepartmentTest"/>
  <testcase name="testCreate" time="2.585" classname="cn.Knife.Wework.DepartmentTest"/>
</testsuite> <!-- cn.Knife.Wework.DepartmentTest -->
