<?xml version="1.0" encoding="UTF-8"?>
<!-- Generated by org.testng.reporters.JUnitReportReporter -->
<testsuite skipped="4" hostname="WIN-Q5PJLV91P1O" name="cn.Knife.Wework.Utils.JdbcUtilTest" tests="4" failures="0" timestamp="14 五月 2020 14:54:39 GMT" time="0.000" errors="0">
  <testcase name="testUpdateAll" time="0.000" classname="cn.Knife.Wework.Utils.JdbcUtilTest">
    <skipped/>
  </testcase> <!-- testUpdateAll -->
  <testcase name="testQuery" time="0.000" classname="cn.Knife.Wework.Utils.JdbcUtilTest">
    <skipped/>
  </testcase> <!-- testQuery -->
  <testcase name="testQueryAll" time="0.000" classname="cn.Knife.Wework.Utils.JdbcUtilTest">
    <skipped/>
  </testcase> <!-- testQueryAll -->
  <testcase name="testUpdate" time="0.000" classname="cn.Knife.Wework.Utils.JdbcUtilTest">
    <skipped/>
  </testcase> <!-- testUpdate -->
</testsuite> <!-- cn.Knife.Wework.Utils.JdbcUtilTest -->
