<?xml version="1.0" encoding="UTF-8"?>
<!-- Generated by org.testng.reporters.JUnitReportReporter -->
<testsuite skipped="0" hostname="WIN-Q5PJLV91P1O" name="cn.Knife.Wework.WeworkConfigTest" tests="1" failures="0" timestamp="09 五月 2020 08:13:45 GMT" time="0.003" errors="0">
  <testcase name="yamlTest" time="0.003" classname="cn.Knife.Wework.WeworkConfigTest"/>
</testsuite> <!-- cn.Knife.Wework.WeworkConfigTest -->
