<?xml version="1.0" encoding="UTF-8"?>
<!-- Generated by org.testng.reporters.JUnitReportReporter -->
<testsuite skipped="3" hostname="WIN-Q5PJLV91P1O" name="cn.Knife.Wework.DepartmentTest" tests="3" failures="0" timestamp="14 五月 2020 14:54:39 GMT" time="0.000" errors="0">
  <testcase name="testDelete" time="0.000" classname="cn.Knife.Wework.DepartmentTest">
    <skipped/>
  </testcase> <!-- testDelete -->
  <testcase name="testCreate" time="0.000" classname="cn.Knife.Wework.DepartmentTest">
    <skipped/>
  </testcase> <!-- testCreate -->
  <testcase name="testUpdate" time="0.000" classname="cn.Knife.Wework.DepartmentTest">
    <skipped/>
  </testcase> <!-- testUpdate -->
</testsuite> <!-- cn.Knife.Wework.DepartmentTest -->
