<?xml version="1.0" encoding="UTF-8"?>
<!-- Generated by org.testng.reporters.JUnitReportReporter -->
<testsuite skipped="2" hostname="WIN-Q5PJLV91P1O" name="cn.Knife.Wework.Utils.JdbcQueryUtilTest" tests="2" failures="0" timestamp="14 五月 2020 14:54:39 GMT" time="0.000" errors="0">
  <testcase name="testJdbcQueryAndUpdate" time="0.000" classname="cn.Knife.Wework.Utils.JdbcQueryUtilTest">
    <skipped/>
  </testcase> <!-- testJdbcQueryAndUpdate -->
  <testcase name="testUpdate" time="0.000" classname="cn.Knife.Wework.Utils.JdbcQueryUtilTest">
    <skipped/>
  </testcase> <!-- testUpdate -->
</testsuite> <!-- cn.Knife.Wework.Utils.JdbcQueryUtilTest -->
