<?xml version="1.0" encoding="UTF-8"?>
<!-- Generated by org.testng.reporters.JUnitReportReporter -->
<testsuite skipped="6" hostname="WIN-Q5PJLV91P1O" name="cn.Knife.Wework.AddressBookManagement.UserTest" tests="6" failures="0" timestamp="14 五月 2020 14:54:39 GMT" time="0.000" errors="0">
  <testcase name="testGet" time="0.000" classname="cn.Knife.Wework.AddressBookManagement.UserTest">
    <skipped/>
  </testcase> <!-- testGet -->
  <testcase name="testList" time="0.000" classname="cn.Knife.Wework.AddressBookManagement.UserTest">
    <skipped/>
  </testcase> <!-- testList -->
  <testcase name="testBatchdelete" time="0.000" classname="cn.Knife.Wework.AddressBookManagement.UserTest">
    <skipped/>
  </testcase> <!-- testBatchdelete -->
  <testcase name="testCreate" time="0.000" classname="cn.Knife.Wework.AddressBookManagement.UserTest">
    <skipped/>
  </testcase> <!-- testCreate -->
  <testcase name="testSimplelist" time="0.000" classname="cn.Knife.Wework.AddressBookManagement.UserTest">
    <skipped/>
  </testcase> <!-- testSimplelist -->
  <testcase name="testUpdate" time="0.000" classname="cn.Knife.Wework.AddressBookManagement.UserTest">
    <skipped/>
  </testcase> <!-- testUpdate -->
</testsuite> <!-- cn.Knife.Wework.AddressBookManagement.UserTest -->
