<?xml version="1.0" encoding="UTF-8"?>
<!-- Generated by org.testng.reporters.JUnitReportReporter -->
<testsuite skipped="0" hostname="WIN-Q5PJLV91P1O" name="cn.Knife.Wework.AddressBookManagement.UserTest" tests="7" failures="0" timestamp="09 五月 2020 08:13:45 GMT" time="9.229" errors="0">
  <testcase name="testCreate" time="0.597" classname="cn.Knife.Wework.AddressBookManagement.UserTest"/>
  <testcase name="testDelete" time="1.243" classname="cn.Knife.Wework.AddressBookManagement.UserTest"/>
  <testcase name="testGet" time="1.442" classname="cn.Knife.Wework.AddressBookManagement.UserTest"/>
  <testcase name="testList" time="0.409" classname="cn.Knife.Wework.AddressBookManagement.UserTest"/>
  <testcase name="testUpdate" time="2.069" classname="cn.Knife.Wework.AddressBookManagement.UserTest"/>
  <testcase name="testSimplelist" time="0.433" classname="cn.Knife.Wework.AddressBookManagement.UserTest"/>
  <testcase name="testBatchdelete" time="3.036" classname="cn.Knife.Wework.AddressBookManagement.UserTest"/>
</testsuite> <!-- cn.Knife.Wework.AddressBookManagement.UserTest -->
